C51 COMPILER V9.60.0.0   LCD                                                               07/02/2021 17:30:27 PAGE 1   


C51 COMPILER V9.60.0.0, COMPILATION OF MODULE LCD
OBJECT MODULE PLACED IN .\Objects\LCD.obj
COMPILER INVOKED BY: C:\Keil_v5\C51\BIN\C51.EXE LCD.c OPTIMIZE(8,SPEED) BROWSE DEBUG OBJECTEXTEND PRINT(.\Listings\LCD.l
                    -st) TABS(2) OBJECT(.\Objects\LCD.obj)

line level    source

   1          #include<reg51.h>
   2          #include<stdio.h>
   3          
   4          #define Data P0
   5          
   6          sbit RS =P0^0;
   7          sbit RW =P0^1;
   8          sbit LCD_ENABLE =P0^2;
   9          
  10          unsigned char message1[]=("Hello World");
  11          unsigned char message2[]=("ESD -IOT");
  12          
  13          void lcd_init(void);
  14          void delay(int);
  15          void lcd_cmd(unsigned char);
  16          void lcd_data(unsigned char);
  17          
  18          
  19          void delay(int k)
  20          {
  21   1        unsigned int a;
  22   1        for(a=0;a<k;a++);
  23   1      }
  24          
  25          void lcd_data(unsigned char dat)
  26          {
  27   1        Data= 0xf0 &  dat;// upper nibble 1111 0000
  28   1        RS=1;RW=0;
  29   1        LCD_ENABLE=1;
  30   1        delay(35);
  31   1        LCD_ENABLE=0;
  32   1        Data=dat <<4;
  33   1        RS=1;RW=0;
  34   1        LCD_ENABLE=1;
  35   1        delay(35);
  36   1        LCD_ENABLE=0;
  37   1        
  38   1      }
  39          
  40          void lcd_cmd(unsigned char command)
  41          {
  42   1        Data= 0xf0 &  command;// upper nibble 1111 0000
  43   1        RS=0;RW=0;
  44   1        LCD_ENABLE=1;
  45   1        delay(35);
  46   1        LCD_ENABLE=0;
  47   1        
  48   1        Data=command <<4;
  49   1        RS=0;RW=0;
  50   1        LCD_ENABLE=1;
  51   1        delay(35);
  52   1        LCD_ENABLE=0;
  53   1        
  54   1      }
C51 COMPILER V9.60.0.0   LCD                                                               07/02/2021 17:30:27 PAGE 2   

  55          
  56          
  57          void lcd_init(void)
  58          {
  59   1        unsigned char i;
  60   1        lcd_cmd(0x28);  // 2x16 LCD
  61   1        delay(15);
  62   1        lcd_cmd(0x0C);  // 2x16 LCD
  63   1          delay(15);
  64   1      lcd_cmd(0x06);  // 2x16 LCD
  65   1          delay(15);
  66   1        lcd_cmd(0x01);  // 2x16 LCD
  67   1          delay(15);
  68   1          delay(5000);
  69   1        ////////////////
  70   1          lcd_cmd(0x80);  // 2x16 LCD
  71   1          delay(15);
  72   1        i=0;
  73   1        while(message1[i]!='\0')
  74   1        {
  75   2          lcd_data(message1[i]);
  76   2          i++;
  77   2        }
  78   1              delay(50);
  79   1        /////
  80   1        lcd_cmd(0xc0);  // 2x16 LCD
  81   1          delay(15);
  82   1        i=0;
  83   1        while(message2[i]!='\0')
  84   1        {
  85   2          lcd_data(message2[i]);
  86   2          i++;
  87   2        }
  88   1              delay(50);
  89   1        
  90   1        //////
  91   1        
  92   1        
  93   1        
  94   1        
  95   1        
  96   1      }
  97          
  98          void main(void)
  99          {
 100   1        P0=0;
 101   1        lcd_init();
 102   1        delay(10);
 103   1        while(1);
 104   1        
 105   1      }
 106          
 107          
 108          
 109          
 110          
 111          
 112          
 113          
 114          
 115          
 116          
C51 COMPILER V9.60.0.0   LCD                                                               07/02/2021 17:30:27 PAGE 3   

 117          
 118          
 119          
 120          
 121          
 122          
 123          


MODULE INFORMATION:   STATIC OVERLAYABLE
   CODE SIZE        =    203    ----
   CONSTANT SIZE    =   ----    ----
   XDATA SIZE       =   ----    ----
   PDATA SIZE       =   ----    ----
   DATA SIZE        =     21    ----
   IDATA SIZE       =   ----    ----
   BIT SIZE         =   ----    ----
END OF MODULE INFORMATION.


C51 COMPILATION COMPLETE.  0 WARNING(S),  0 ERROR(S)
