C51 COMPILER V9.60.0.0   EEPROM                                                            07/02/2021 14:07:25 PAGE 1   


C51 COMPILER V9.60.0.0, COMPILATION OF MODULE EEPROM
OBJECT MODULE PLACED IN .\Objects\EEPROM.obj
COMPILER INVOKED BY: C:\Keil_v5\C51\BIN\C51.EXE EEPROM.c OPTIMIZE(8,SPEED) BROWSE DEBUG OBJECTEXTEND PRINT(.\Listings\EE
                    -PROM.lst) TABS(2) OBJECT(.\Objects\EEPROM.obj)

line level    source

   1          
   2          #include<reg51.h>
   3          #include<stdio.h>
   4          #include<intrins.h>
   5          
   6          #define ACK   1
   7          #define NO_ACK  0
   8          
   9          
  10          unsigned char EData[5];
  11          unsigned char Data;
  12          void InitSerial(void);
  13          void DelayMs(unsigned int);
  14          
  15          void WriteI2C(unsigned char);
  16          unsigned char ReadI2C(bit);
  17          
  18          void Start(void);
  19          void Stop(void);
  20          void ReadBYTE(unsigned int);
  21          void WriteBYTE(unsigned int);
  22          
  23          sbit SCL  =  P2^0;  // connect to SCL pin (Clock)
  24          sbit SDA  =  P2^1;  // connect to SDA pin (Data)
  25          
  26          
  27          //---------------------------------------
  28          // Main program
  29          //---------------------------------------
  30          void main(void)
  31          {
  32   1         unsigned int i;
  33   1        InitSerial();     // Initialize serial port  
  34   1        putchar(0x0C);    // clear hyper terminal
  35   1        DelayMs(5);
  36   1        WriteBYTE(0x0000);
  37   1        WriteI2C('P');    //Write Data's Here
  38   1        WriteI2C('A');
  39   1        WriteI2C('N');
  40   1        WriteI2C('T');
  41   1        Stop(); 
  42   1        DelayMs(10);
  43   1      
  44   1        ReadBYTE(0x0000); 
  45   1        EData[0] = ReadI2C(NO_ACK); 
  46   1        EData[1] = ReadI2C(NO_ACK); 
  47   1        EData[2] = ReadI2C(NO_ACK); 
  48   1        EData[3] = ReadI2C(NO_ACK); 
  49   1            
  50   1        
  51   1        for(i=0;i<4;i++)
  52   1        {
  53   2        printf("%c",EData[i]);  // display data       */
  54   2        DelayMs(100);
C51 COMPILER V9.60.0.0   EEPROM                                                            07/02/2021 14:07:25 PAGE 2   

  55   2        }
  56   1      while(1);
  57   1      }
  58          
  59          //---------------------------------------
  60          // Initialize serial port
  61          //---------------------------------------
  62          void InitSerial(void)
  63          {
  64   1          SCON = 0x52;    // setup serial port control 
  65   1          TMOD = 0x20;    // hardware (9600 BAUD @11.0592MHZ) 
  66   1          TH1  = 0xFD;    // TH1
  67   1        TR1  = 1;     // Timer 1 on
  68   1      }
  69          
  70          
  71          //-------------------------------
  72          // start I2C
  73          //-------------------------------
  74          void Start(void)
  75          {
  76   1          SDA = 1;
  77   1        SCL = 1;
  78   1        _nop_();_nop_();
  79   1        SDA = 0;
  80   1        _nop_();_nop_();
  81   1        SCL = 0;
  82   1        _nop_();_nop_();
  83   1      }
  84          
  85          //-------------------------------
  86          // stop I2C
  87          //-------------------------------
  88          void Stop(void)
  89          {
  90   1        SDA = 0;        
  91   1        _nop_();_nop_();
  92   1        SCL = 1;
  93   1        _nop_();_nop_();
  94   1        SDA = 1;  
  95   1      }
  96          
  97          //-------------------------------
  98          // Write I2C
  99          //-------------------------------
 100          void WriteI2C(unsigned char Data)
 101          {    
 102   1       unsigned int i;
 103   1        for (i=0;i<8;i++)
 104   1        {
 105   2              SDA = (Data & 0x80);
 106   2          SCL=1;SCL=0;
 107   2          Data<<=1;
 108   2        }
 109   1      
 110   1          SCL = 1; 
 111   1        _nop_();_nop_();
 112   1        SCL = 0;
 113   1      
 114   1      }
 115          
 116          //-------------------------------
C51 COMPILER V9.60.0.0   EEPROM                                                            07/02/2021 14:07:25 PAGE 3   

 117          // Read I2C
 118          //-------------------------------
 119          unsigned char ReadI2C(bit ACK_Bit)
 120          {
 121   1         unsigned int i;
 122   1        
 123   1          Start();
 124   1        WriteI2C(0xA1);
 125   1          
 126   1      
 127   1          SDA = 1;  
 128   1        for (i=0;i<8;i++)
 129   1        {
 130   2          SCL   = 1;    
 131   2          Data<<= 1;
 132   2          Data  = (Data | SDA);   
 133   2          SCL   = 0;
 134   2          _nop_();
 135   2        }
 136   1          
 137   1        if (ACK_Bit == 1)
 138   1        SDA = 0; // Send ACK    
 139   1        else    
 140   1        SDA = 1; // Send NO ACK       
 141   1      
 142   1        _nop_();_nop_();
 143   1        SCL = 1;    
 144   1        _nop_();_nop_();
 145   1        SCL = 0;
 146   1        Stop();
 147   1        return Data;
 148   1      }
 149          
 150          //-------------------------------
 151          // Read 1 byte form I2C
 152          //-------------------------------
 153          void ReadBYTE(unsigned int Addr)
 154          {
 155   1        Start();
 156   1        WriteI2C(0xA0);
 157   1        WriteI2C((unsigned char)(Addr>>8)&0xFF);
 158   1        WriteI2C((unsigned char)Addr&0xFF);
 159   1      }
 160          
 161          //-------------------------------
 162          // Write 1 byte to I2C
 163          //-------------------------------
 164          void WriteBYTE(unsigned int Addr)
 165          {
 166   1        Start();
 167   1        WriteI2C(0xA0);
 168   1        WriteI2C((unsigned char)(Addr>>8)&0xFF);  // send address high
 169   1        WriteI2C((unsigned char)Addr&0xFF);     // send address low 
 170   1      }
 171          
 172          
 173          //---------------------------------------
 174          // Delay mS function
 175          //---------------------------------------
 176          void DelayMs(unsigned int count) 
 177          {  // mSec Delay 11.0592 Mhz 
 178   1          unsigned int i;             // Keil v7.5a 
C51 COMPILER V9.60.0.0   EEPROM                                                            07/02/2021 14:07:25 PAGE 4   

 179   1          while(count) 
 180   1        {
 181   2              i = 110; 
 182   2          while(i>0) i--;
 183   2              count--;
 184   2          }
 185   1      }
 186          


MODULE INFORMATION:   STATIC OVERLAYABLE
   CODE SIZE        =    323    ----
   CONSTANT SIZE    =      3    ----
   XDATA SIZE       =   ----    ----
   PDATA SIZE       =   ----    ----
   DATA SIZE        =      6       2
   IDATA SIZE       =   ----    ----
   BIT SIZE         =   ----       1
END OF MODULE INFORMATION.


C51 COMPILATION COMPLETE.  0 WARNING(S),  0 ERROR(S)
