C51 COMPILER V9.60.7.0   SWITCH                                                            07/02/2025 13:53:04 PAGE 1   


C51 COMPILER V9.60.7.0, COMPILATION OF MODULE SWITCH
OBJECT MODULE PLACED IN .\Objects\switch.obj
COMPILER INVOKED BY: C:\Keil_v5\C51\BIN\C51.EXE switch.c OPTIMIZE(8,SPEED) BROWSE DEBUG OBJECTEXTEND PRINT(.\Listings\sw
                    -itch.lst) TABS(2) OBJECT(.\Objects\switch.obj)

line level    source

   1          #include<reg51.h>
   2          #define sw P0
   3            #define led  P2
   4            
   5            void main()
   6            {
   7   1          P0=0xff;  // just to declare input port
   8   1          P2=0x00;  // output
   9   1          while(1)
  10   1          {
  11   2            led=sw;  // whatever the switch value is there comes to the led
  12   2          }     
  13   1        }


MODULE INFORMATION:   STATIC OVERLAYABLE
   CODE SIZE        =     11    ----
   CONSTANT SIZE    =   ----    ----
   XDATA SIZE       =   ----    ----
   PDATA SIZE       =   ----    ----
   DATA SIZE        =   ----    ----
   IDATA SIZE       =   ----    ----
   BIT SIZE         =   ----    ----
END OF MODULE INFORMATION.


C51 COMPILATION COMPLETE.  0 WARNING(S),  0 ERROR(S)
