C51 COMPILER V9.60.7.0   HOME                                                              07/16/2025 13:54:01 PAGE 1   


C51 COMPILER V9.60.7.0, COMPILATION OF MODULE HOME
OBJECT MODULE PLACED IN .\Objects\HOME.obj
COMPILER INVOKED BY: C:\Keil_v5\C51\BIN\C51.EXE HOME.c OPTIMIZE(8,SPEED) BROWSE DEBUG OBJECTEXTEND PRINT(.\Listings\HOME
                    -.lst) TABS(2) OBJECT(.\Objects\HOME.obj)

line level    source

   1          #include<reg51.h>
   2          
   3          void Uart_Init();
   4          void Uart_Txchar(char);
   5          char Uart_Rxchar();
   6          void Uart_SendString(char *);
   7          
   8          sbit Lamp =P0^0;
   9          sbit Fan =P0^1;
  10          
  11          void Uart_Init()
  12          {
  13   1        TMOD=0x20;
  14   1        TH1=0xFD;
  15   1        SCON =0x50;
  16   1        TR1=1;
  17   1      }
  18          void Uart_Txchar(char Data)
  19          {
  20   1        SBUF=Data;
  21   1        while(TI==0);
  22   1        TI=0;
  23   1      }
  24          char Uart_Rxchar()
  25          {
  26   1        char dat;
  27   1        while(RI==0);
  28   1        RI=0;
  29   1        dat=SBUF;
  30   1        return(dat);
  31   1        
  32   1      }
  33          
  34          void Uart_SendString(char *str)
  35          {
  36   1        int i;
  37   1        for (i=0;str[i]!=0;i++)
  38   1        {
  39   2          Uart_Txchar(str[i]);
  40   2        }
  41   1      }
  42          
  43          void main()
  44          {
  45   1        char Data_in;
  46   1        Uart_Init();
  47   1        P0=0;
  48   1        while(1)
  49   1        {
  50   2          Data_in=Uart_Rxchar();
  51   2          if(Data_in =='1')
  52   2          {
  53   3            Lamp=1;
  54   3            Uart_SendString("Lamp On");
C51 COMPILER V9.60.7.0   HOME                                                              07/16/2025 13:54:01 PAGE 2   

  55   3          }
  56   2          else if(Data_in =='2')
  57   2          {
  58   3            Lamp=0;
  59   3            Uart_SendString("Lamp On");
  60   3          }
  61   2          else if(Data_in =='3')
  62   2          {
  63   3            Fan=1;
  64   3            Uart_SendString("Fan On");
  65   3            
  66   3          }
  67   2          else if(Data_in =='4')
  68   2          {
  69   3            Fan=0;
  70   3            Uart_SendString("Fan Off");
  71   3          }
  72   2          else
  73   2          {
  74   3            Uart_SendString("choose 1,2,3,4");
  75   3          }
  76   2          
  77   2        }
  78   1        
  79   1      }


MODULE INFORMATION:   STATIC OVERLAYABLE
   CODE SIZE        =    135    ----
   CONSTANT SIZE    =     38    ----
   XDATA SIZE       =   ----    ----
   PDATA SIZE       =   ----    ----
   DATA SIZE        =   ----       3
   IDATA SIZE       =   ----    ----
   BIT SIZE         =   ----    ----
END OF MODULE INFORMATION.


C51 COMPILATION COMPLETE.  0 WARNING(S),  0 ERROR(S)
