C51 COMPILER V9.60.0.0   MAIN                                                              06/30/2021 11:50:45 PAGE 1   


C51 COMPILER V9.60.0.0, COMPILATION OF MODULE MAIN
OBJECT MODULE PLACED IN .\Objects\Main.obj
COMPILER INVOKED BY: C:\Keil_v5\C51\BIN\C51.EXE Main.c OPTIMIZE(8,SPEED) BROWSE DEBUG OBJECTEXTEND PRINT(.\Listings\Main
                    -.lst) TABS(2) OBJECT(.\Objects\Main.obj)

line level    source

   1          #include <reg51.h> //Define 8051 Registers
   2          
   3          void UART_Init();
   4          void UART_TxChar(char);
   5          void UART_SendString(char *);
   6          
   7          
   8          void UART_Init()
   9          {
  10   1        TMOD = 0x20;    //Timer1, Mode2
  11   1        TH1 = 0xFD;     //Baud Rate 9600bps
  12   1        SCON = 0x50;  //Serial Mode1, Receive Enable
  13   1        TR1 = 1;    //Timer1 ON
  14   1            
  15   1      }
  16          
  17          void UART_TxChar(char Data)
  18          {
  19   1        SBUF = Data;  // DATA MOVED  TO SERIAL BUFFER
  20   1        while (TI==0);
  21   1          TI = 0;
  22   1      }
  23          
  24          
  25            
  26          void UART_SendString(char *str)
  27          {
  28   1           int i;
  29   1           for(i=0;str[i]!=0;i++)
  30   1          {
  31   2               UART_TxChar(str[i]);
  32   2          }
  33   1      }
  34          
  35          
  36          void main()
  37          {
  38   1        UART_Init();          /* initialize UART Tx=P3^0 and Rx=P3^1 */
  39   1        
  40   1        while(1)
  41   1        {
  42   2          UART_SendString("Hello World!! \n\r");
  43   2       }
  44   1      }


MODULE INFORMATION:   STATIC OVERLAYABLE
   CODE SIZE        =     75    ----
   CONSTANT SIZE    =     17    ----
   XDATA SIZE       =   ----    ----
   PDATA SIZE       =   ----    ----
   DATA SIZE        =   ----       3
   IDATA SIZE       =   ----    ----
   BIT SIZE         =   ----    ----
C51 COMPILER V9.60.0.0   MAIN                                                              06/30/2021 11:50:45 PAGE 2   

END OF MODULE INFORMATION.


C51 COMPILATION COMPLETE.  0 WARNING(S),  0 ERROR(S)
