C51 COMPILER V9.60.0.0   UART                                                              06/30/2021 11:23:13 PAGE 1   


C51 COMPILER V9.60.0.0, COMPILATION OF MODULE UART
OBJECT MODULE PLACED IN .\Objects\UART.obj
COMPILER INVOKED BY: C:\Keil_v5\C51\BIN\C51.EXE UART.c OPTIMIZE(8,SPEED) BROWSE DEBUG OBJECTEXTEND PRINT(.\Listings\UART
                    -.lst) TABS(2) OBJECT(.\Objects\UART.obj)

line level    source

   1          #include"UART_H_file.h"
   2          
   3          void UART_Init()
   4          {
   5   1        TMOD = 0x20;
   6   1        TH1 = 0xFD;
   7   1        SCON = 0x50;
   8   1        TR1 = 1;
   9   1      }
  10          
  11          void UART_TxChar(char Data)
  12          {
  13   1        SBUF = Data;
  14   1        while (TI==0);
  15   1        TI = 0;
  16   1      }
  17          
  18          char UART_RxChar()
  19          {
  20   1        char dat;
  21   1        while (RI==0);
  22   1        RI = 0;
  23   1        dat = SBUF;
  24   1        return(dat);
  25   1      }
  26            
  27          void UART_SendString(char *str)
  28          {
  29   1           int i;
  30   1           for(i=0;str[i]!=0;i++)
  31   1          {
  32   2               UART_TxChar(str[i]);
  33   2          }
  34   1      }


MODULE INFORMATION:   STATIC OVERLAYABLE
   CODE SIZE        =     69    ----
   CONSTANT SIZE    =   ----    ----
   XDATA SIZE       =   ----    ----
   PDATA SIZE       =   ----    ----
   DATA SIZE        =   ----       3
   IDATA SIZE       =   ----    ----
   BIT SIZE         =   ----    ----
END OF MODULE INFORMATION.


C51 COMPILATION COMPLETE.  0 WARNING(S),  0 ERROR(S)
