C51 COMPILER V9.60.0.0   MAIN                                                              06/30/2021 12:12:13 PAGE 1   


C51 COMPILER V9.60.0.0, COMPILATION OF MODULE MAIN
OBJECT MODULE PLACED IN .\Objects\Main.obj
COMPILER INVOKED BY: C:\Keil_v5\C51\BIN\C51.EXE Main.c OPTIMIZE(8,SPEED) BROWSE DEBUG OBJECTEXTEND PRINT(.\Listings\Main
                    -.lst) TABS(2) OBJECT(.\Objects\Main.obj)

line level    source

   1          #include <reg51.h>
   2                /* include UART library */
   3          
   4          void UART_Init();
   5          void UART_TxChar(char);
   6          char UART_RxChar();
   7          void UART_SendString(char *);
   8          
   9          void UART_Init()
  10          {
  11   1        TMOD = 0x20;
  12   1        TH1 = 0xFD;
  13   1        SCON = 0x50;
  14   1        TR1 = 1;
  15   1      }
  16          
  17          void UART_TxChar(char Data)
  18          {
  19   1        SBUF = Data;
  20   1        while (TI==0);
  21   1        TI = 0;
  22   1      }
  23          
  24          char UART_RxChar()
  25          {
  26   1        char dat;
  27   1        while (RI==0);
  28   1        RI = 0;
  29   1        dat = SBUF;
  30   1        return(dat);
  31   1      }
  32            
  33          void UART_SendString(char *str)
  34          {
  35   1           int i;
  36   1           for(i=0;str[i]!=0;i++)
  37   1          {
  38   2               UART_TxChar(str[i]);
  39   2          }
  40   1      }
  41          
  42          
  43          void main()
  44          {
  45   1        char Data_in;
  46   1        UART_Init();          /* initialize UART Tx=P3^0 and Rx=P3^1 */
  47   1        
  48   1        while(1)
  49   1        {
  50   2          Data_in = UART_RxChar();      /* receive char serially */
  51   2          UART_TxChar(Data_in);
  52   2       }
  53   1      }

C51 COMPILER V9.60.0.0   MAIN                                                              06/30/2021 12:12:13 PAGE 2   


MODULE INFORMATION:   STATIC OVERLAYABLE
   CODE SIZE        =     80    ----
   CONSTANT SIZE    =   ----    ----
   XDATA SIZE       =   ----    ----
   PDATA SIZE       =   ----    ----
   DATA SIZE        =   ----       3
   IDATA SIZE       =   ----    ----
   BIT SIZE         =   ----    ----
END OF MODULE INFORMATION.


C51 COMPILATION COMPLETE.  0 WARNING(S),  0 ERROR(S)
