C51 COMPILER V9.60.7.0   UART                                                              07/10/2025 16:10:07 PAGE 1   


C51 COMPILER V9.60.7.0, COMPILATION OF MODULE UART
OBJECT MODULE PLACED IN .\Objects\uart.obj
COMPILER INVOKED BY: C:\Keil_v5\C51\BIN\C51.EXE uart.c OPTIMIZE(8,SPEED) BROWSE DEBUG OBJECTEXTEND PRINT(.\Listings\uart
                    -.lst) TABS(2) OBJECT(.\Objects\uart.obj)

line level    source

   1          #include<reg51.h>
   2          
   3          void uart_init();
   4          void uart_txchar(char);
   5          void uart_sendstring(char *);
   6          char uart_rxchar()
   7          
   8          void uart_init()
   9          {
*** ERROR C132 IN LINE 9 OF uart.c: 'uart_init': not in formal parameter list
*** ERROR C141 IN LINE 9 OF uart.c: syntax error near '{', expected ';'
  10            TMOD = 0x20; // timer 1, mode 2
*** ERROR C136 IN LINE 10 OF uart.c: 'TMOD': 'void' on variable
*** ERROR C244 IN LINE 10 OF uart.c: 'TMOD': can't initialize, bad type or class
*** ERROR C136 IN LINE 10 OF uart.c: 'TMOD': 'void' on variable
*** ERROR C132 IN LINE 10 OF uart.c: 'TMOD': not in formal parameter list
  11            TH1 = 0xFD;  // 9600
*** ERROR C244 IN LINE 11 OF uart.c: 'TH1': can't initialize, bad type or class
*** ERROR C132 IN LINE 11 OF uart.c: 'TH1': not in formal parameter list
  12            SCON= 0x50;
*** ERROR C244 IN LINE 12 OF uart.c: 'SCON': can't initialize, bad type or class
*** ERROR C132 IN LINE 12 OF uart.c: 'SCON': not in formal parameter list
  13            TR1=1;
*** ERROR C244 IN LINE 13 OF uart.c: 'TR1': can't initialize, bad type or class
*** ERROR C132 IN LINE 13 OF uart.c: 'TR1': not in formal parameter list
  14          
  15          }
*** ERROR C141 IN LINE 15 OF uart.c: syntax error near '}', expected 'hdata'
  16          
  17          void uart_txchar(char Data)
  18          {
  19   1            SBUF = Data;
  20   1            while(TI == 0);
  21   1            TI=0;
  22   1      
  23   1      }
  24          
  25          char uart_rxchar()
  26          {
  27   1        char data1;
  28   1        while(RI=0);
  29   1        RI =0;
  30   1        data1 = SBUF;
  31   1        return(data1);
  32   1      }
  33          
  34          //void uart_sendstring(char *str)
  35          //{
  36          //  int i;
  37          //  for (i=0;str[i]!=0;i++)
  38          //  {
  39          //    uart_txchar(str[i]);
  40          //  }
  41          //}
C51 COMPILER V9.60.7.0   UART                                                              07/10/2025 16:10:07 PAGE 2   

  42          
  43          void main()
  44          {
  45   1        char datain;
  46   1        uart_init();
  47   1        while(1)
  48   1        {
  49   2          datain=uart_rxchar();
  50   2          uart_txchar(datain);
  51   2        }
  52   1      }

C51 COMPILATION COMPLETE.  0 WARNING(S),  13 ERROR(S)
